<?xml version="1.0" encoding="UTF-8"?>
<!-- Generated by org.testng.reporters.JUnitReportReporter -->
<testsuite hostname="DESKTOP-CIS6SJ5" failures="0" tests="2" name="JourneyTest.WebTestAutomation.RegisterUserTest" time="2.167" errors="0" timestamp="16 Dec 2023 06:26:07 GMT" skipped="0">
  <testcase classname="JourneyTest.WebTestAutomation.RegisterUserTest" name="registerUser" time="1.788"/>
  <testcase classname="JourneyTest.WebTestAutomation.RegisterUserTest" name="loginUser" time="0.379"/>
</testsuite> <!-- JourneyTest.WebTestAutomation.RegisterUserTest -->
